<?xml version="1.0" encoding="UTF-8"?>
<!-- Generated by org.testng.reporters.JUnitXMLReporter -->
<testsuite ignored="0" hostname="Z61" failures="0" tests="5" name="Default test" time="114.452" errors="0" timestamp="02 Mar 2023 06:13:23 GMT">
  <testcase classname="cucumber.api.testng.AbstractTestNGCucumberTests" name="runScenario" time="40.602"/>
  <testcase classname="cucumber.api.testng.AbstractTestNGCucumberTests" name="runScenario" time="15.335"/>
  <testcase classname="cucumber.api.testng.AbstractTestNGCucumberTests" name="runScenario" time="19.017"/>
  <testcase classname="cucumber.api.testng.AbstractTestNGCucumberTests" name="runScenario" time="17.923"/>
  <testcase classname="cucumber.api.testng.AbstractTestNGCucumberTests" name="runScenario" time="16.172"/>
</testsuite> <!-- Default test -->
